2024-05-24 13:44:01 [32minfo[39m new subscriber added : {
  "$__": {
    "activePaths": {
      "paths": {
        "legalName": "require",
        "subscriberType": "require"
      },
      "states": {
        "require": {
          "legalName": true,
          "subscriberType": true
        },
        "default": {},
        "modify": {}
      }
    },
    "op": null,
    "saving": null,
    "$versionError": null,
    "saveOptions": null,
    "validating": null,
    "cachedRequired": {},
    "backup": {
      "activePaths": {
        "modify": {
          "subscriberType": true,
          "legalName": true,
          "address": true,
          "place": true,
          "phone": true,
          "logoURL": true,
          "website": true,
          "taxNumber": true,
          "nationalLabelIdValue": true,
          "panNo": true,
          "country": true,
          "state": true,
          "district": true,
          "city": true,
          "nationalIdLabel": true
        },
        "default": {
          "_id": true
        }
      },
      "validationError": null
    },
    "inserting": true,
    "savedState": {}
  },
  "_doc": {
    "subscriberType": "INDIVIDUAL",
    "legalName": "string",
    "address": "string",
    "place": "string",
    "phone": "string",
    "logoURL": "string",
    "website": "string",
    "taxNumber": "string",
    "nationalLabelIdValue": "string",
    "panNo": "string",
    "country": "string",
    "state": "string",
    "district": "string",
    "city": "string",
    "nationalIdLabel": "string",
    "_id": "66504c49b809d225953b85b4"
  },
  "$isNew": false
}
2024-05-24 15:34:25 [32minfo[39m MongoDB Connected Successfully 
2024-05-24 15:34:25 [32minfo[39m Country added successfully 
2024-05-24 15:34:25 [32minfo[39m State added successfully 
2024-05-24 15:34:25 [32minfo[39m District added successfully 
2024-05-24 15:34:25 [32minfo[39m City added successfully 
2024-05-24 15:34:25 [32minfo[39m NationalIdLabel added successfully 
2024-05-24 15:35:05 [32minfo[39m MongoDB Connected Successfully 
2024-05-24 15:35:10 [32minfo[39m MongoDB Connected Successfully 
2024-05-24 15:35:13 [32minfo[39m MongoDB Connected Successfully 
2024-05-24 15:35:17 [32minfo[39m MongoDB Connected Successfully 
2024-05-24 15:35:22 [32minfo[39m MongoDB Connected Successfully 
2024-05-24 15:43:17 [32minfo[39m MongoDB Connected Successfully 
2024-05-24 15:43:17 [32minfo[39m Country added successfully 
2024-05-24 15:43:17 [32minfo[39m State added successfully 
2024-05-24 15:43:18 [32minfo[39m District added successfully 
2024-05-24 15:43:18 [32minfo[39m City added successfully 
2024-05-24 15:43:18 [32minfo[39m NationalIdLabel added successfully 
2024-05-24 16:21:18 [33mwarn[39m MongoDB connection disconnected 
2024-05-24 16:21:29 [32minfo[39m MongoDB Connected Successfully 
2024-05-24 16:48:05 [32minfo[39m MongoDB Connected Successfully 
2024-05-24 16:48:38 [32minfo[39m MongoDB Connected Successfully 
2024-05-24 16:48:49 [32minfo[39m MongoDB Connected Successfully 
2024-05-24 16:49:19 [32minfo[39m MongoDB Connected Successfully 
2024-05-24 16:50:01 [32minfo[39m MongoDB Connected Successfully 
2024-05-24 16:50:08 [32minfo[39m MongoDB Connected Successfully 
2024-05-24 16:50:12 [32minfo[39m MongoDB Connected Successfully 
2024-05-24 16:50:16 [32minfo[39m MongoDB Connected Successfully 
2024-05-24 16:50:18 [32minfo[39m MongoDB Connected Successfully 
2024-05-24 16:50:20 [32minfo[39m MongoDB Connected Successfully 
2024-05-24 16:50:26 [32minfo[39m MongoDB Connected Successfully 
2024-05-24 16:50:31 [32minfo[39m MongoDB Connected Successfully 
2024-05-24 16:51:07 [32minfo[39m MongoDB Connected Successfully 
2024-05-24 16:51:16 [32minfo[39m MongoDB Connected Successfully 
2024-05-24 16:51:22 [32minfo[39m MongoDB Connected Successfully 
2024-05-24 16:51:24 [32minfo[39m MongoDB Connected Successfully 
2024-05-24 16:51:43 [32minfo[39m MongoDB Connected Successfully 
2024-05-24 16:51:47 [32minfo[39m MongoDB Connected Successfully 
2024-05-24 16:51:57 [32minfo[39m MongoDB Connected Successfully 
2024-05-24 16:52:05 [32minfo[39m MongoDB Connected Successfully 
2024-05-24 16:52:09 [32minfo[39m MongoDB Connected Successfully 
2024-05-24 16:52:12 [32minfo[39m MongoDB Connected Successfully 
2024-05-24 16:52:20 [32minfo[39m MongoDB Connected Successfully 
2024-05-24 16:52:36 [32minfo[39m MongoDB Connected Successfully 
2024-05-24 16:52:42 [32minfo[39m MongoDB Connected Successfully 
2024-05-24 16:52:47 [32minfo[39m MongoDB Connected Successfully 
2024-05-24 16:52:53 [32minfo[39m MongoDB Connected Successfully 
2024-05-24 16:52:55 [32minfo[39m MongoDB Connected Successfully 
2024-05-24 16:53:00 [32minfo[39m MongoDB Connected Successfully 
2024-05-24 16:53:03 [32minfo[39m MongoDB Connected Successfully 
2024-05-24 16:53:07 [32minfo[39m MongoDB Connected Successfully 
2024-05-24 16:53:11 [32minfo[39m MongoDB Connected Successfully 
2024-05-24 16:53:16 [32minfo[39m MongoDB Connected Successfully 
2024-05-24 16:53:18 [32minfo[39m MongoDB Connected Successfully 
2024-05-24 16:53:33 [32minfo[39m MongoDB Connected Successfully 
2024-05-24 16:53:39 [32minfo[39m MongoDB Connected Successfully 
2024-05-24 16:53:49 [32minfo[39m MongoDB Connected Successfully 
2024-05-24 16:54:22 [32minfo[39m MongoDB Connected Successfully 
2024-05-24 16:54:31 [32minfo[39m MongoDB Connected Successfully 
2024-05-24 16:54:32 [32minfo[39m MongoDB Connected Successfully 
2024-05-24 16:56:08 [32minfo[39m MongoDB Connected Successfully 
2024-05-24 16:56:19 [32minfo[39m MongoDB Connected Successfully 
2024-05-24 16:56:22 [32minfo[39m MongoDB Connected Successfully 
2024-05-24 16:56:46 [32minfo[39m MongoDB Connected Successfully 
2024-05-24 16:56:49 [32minfo[39m MongoDB Connected Successfully 
2024-05-24 16:57:18 [32minfo[39m MongoDB Connected Successfully 
2024-05-24 16:57:20 [32minfo[39m MongoDB Connected Successfully 
2024-05-24 16:58:03 [32minfo[39m MongoDB Connected Successfully 
2024-05-24 16:58:08 [32minfo[39m MongoDB Connected Successfully 
2024-05-24 16:58:12 [32minfo[39m MongoDB Connected Successfully 
2024-05-24 16:59:08 [32minfo[39m MongoDB Connected Successfully 
2024-05-24 16:59:13 [32minfo[39m MongoDB Connected Successfully 
2024-05-24 16:59:15 [32minfo[39m MongoDB Connected Successfully 
2024-05-24 16:59:17 [32minfo[39m MongoDB Connected Successfully 
2024-05-24 16:59:20 [32minfo[39m MongoDB Connected Successfully 
2024-05-24 16:59:37 [32minfo[39m MongoDB Connected Successfully 
2024-05-24 16:59:39 [32minfo[39m MongoDB Connected Successfully 
2024-05-24 16:59:42 [32minfo[39m MongoDB Connected Successfully 
2024-05-24 16:59:46 [32minfo[39m MongoDB Connected Successfully 
2024-05-24 16:59:49 [32minfo[39m MongoDB Connected Successfully 
2024-05-24 16:59:58 [32minfo[39m MongoDB Connected Successfully 
2024-05-24 17:00:02 [32minfo[39m MongoDB Connected Successfully 
2024-05-24 17:00:09 [32minfo[39m MongoDB Connected Successfully 
2024-05-24 17:00:23 [32minfo[39m MongoDB Connected Successfully 
2024-05-24 17:00:28 [32minfo[39m MongoDB Connected Successfully 
2024-05-24 17:00:44 [32minfo[39m MongoDB Connected Successfully 
2024-05-24 17:00:50 [32minfo[39m MongoDB Connected Successfully 
2024-05-24 17:00:52 [32minfo[39m MongoDB Connected Successfully 
2024-05-24 17:01:15 [32minfo[39m MongoDB Connected Successfully 
2024-05-24 17:01:18 [32minfo[39m MongoDB Connected Successfully 
2024-05-24 17:01:22 [32minfo[39m MongoDB Connected Successfully 
2024-05-24 17:01:24 [32minfo[39m MongoDB Connected Successfully 
2024-05-24 17:01:26 [32minfo[39m MongoDB Connected Successfully 
2024-05-24 17:01:45 [32minfo[39m MongoDB Connected Successfully 
2024-05-25 13:40:41 [32minfo[39m MongoDB Connected Successfully 
2024-05-25 13:43:53 [32minfo[39m MongoDB Connected Successfully 
2024-05-25 13:44:01 [32minfo[39m MongoDB Connected Successfully 
2024-05-25 13:44:08 [32minfo[39m MongoDB Connected Successfully 
2024-05-25 13:44:23 [32minfo[39m MongoDB Connected Successfully 
2024-05-25 13:44:39 [32minfo[39m MongoDB Connected Successfully 
2024-05-25 13:45:36 [32minfo[39m MongoDB Connected Successfully 
2024-05-25 13:45:52 [32minfo[39m MongoDB Connected Successfully 
2024-05-25 13:45:55 [32minfo[39m MongoDB Connected Successfully 
2024-05-25 13:45:57 [32minfo[39m MongoDB Connected Successfully 
2024-05-25 13:46:10 [32minfo[39m MongoDB Connected Successfully 
2024-05-25 13:46:22 [32minfo[39m MongoDB Connected Successfully 
2024-05-25 13:46:24 [32minfo[39m MongoDB Connected Successfully 
2024-05-25 13:46:31 [32minfo[39m MongoDB Connected Successfully 
2024-05-25 13:46:38 [32minfo[39m MongoDB Connected Successfully 
2024-05-25 13:46:42 [32minfo[39m MongoDB Connected Successfully 
2024-05-25 13:47:01 [32minfo[39m MongoDB Connected Successfully 
2024-05-25 13:47:34 [32minfo[39m MongoDB Connected Successfully 
2024-05-25 13:47:37 [32minfo[39m MongoDB Connected Successfully 
2024-05-25 13:47:43 [32minfo[39m MongoDB Connected Successfully 
2024-05-25 13:48:08 [32minfo[39m MongoDB Connected Successfully 
2024-05-25 13:48:14 [32minfo[39m MongoDB Connected Successfully 
2024-05-25 13:48:20 [32minfo[39m MongoDB Connected Successfully 
2024-05-25 13:48:31 [32minfo[39m MongoDB Connected Successfully 
2024-05-25 13:48:38 [32minfo[39m MongoDB Connected Successfully 
2024-05-25 13:48:50 [32minfo[39m MongoDB Connected Successfully 
2024-05-25 13:48:54 [32minfo[39m MongoDB Connected Successfully 
2024-05-25 13:48:56 [32minfo[39m MongoDB Connected Successfully 
2024-05-25 13:49:23 [32minfo[39m MongoDB Connected Successfully 
2024-05-25 13:49:38 [32minfo[39m MongoDB Connected Successfully 
2024-05-25 13:49:48 [32minfo[39m MongoDB Connected Successfully 
2024-05-25 13:49:54 [32minfo[39m MongoDB Connected Successfully 
2024-05-25 13:50:10 [32minfo[39m MongoDB Connected Successfully 
2024-05-25 13:52:12 [32minfo[39m MongoDB Connected Successfully 
2024-05-25 13:52:33 [32minfo[39m MongoDB Connected Successfully 
2024-05-25 13:52:49 [32minfo[39m MongoDB Connected Successfully 
2024-05-25 13:53:16 [32minfo[39m MongoDB Connected Successfully 
2024-05-25 13:53:29 [32minfo[39m MongoDB Connected Successfully 
2024-05-25 13:53:34 [32minfo[39m MongoDB Connected Successfully 
2024-05-25 13:53:36 [32minfo[39m MongoDB Connected Successfully 
2024-05-25 13:53:38 [32minfo[39m MongoDB Connected Successfully 
2024-05-25 13:53:41 [32minfo[39m MongoDB Connected Successfully 
2024-05-25 13:53:46 [32minfo[39m MongoDB Connected Successfully 
2024-05-25 13:54:05 [32minfo[39m MongoDB Connected Successfully 
2024-05-25 13:54:09 [32minfo[39m MongoDB Connected Successfully 
2024-05-25 13:54:17 [32minfo[39m MongoDB Connected Successfully 
2024-05-25 13:54:18 [32minfo[39m MongoDB Connected Successfully 
2024-05-25 13:54:20 [32minfo[39m MongoDB Connected Successfully 
2024-05-25 13:54:30 [32minfo[39m MongoDB Connected Successfully 
2024-05-25 13:54:34 [32minfo[39m MongoDB Connected Successfully 
2024-05-25 13:54:48 [32minfo[39m MongoDB Connected Successfully 
2024-05-25 13:54:50 [32minfo[39m MongoDB Connected Successfully 
2024-05-25 13:54:56 [32minfo[39m MongoDB Connected Successfully 
2024-05-25 13:54:59 [32minfo[39m MongoDB Connected Successfully 
2024-05-25 13:55:02 [32minfo[39m MongoDB Connected Successfully 
2024-05-25 13:55:15 [32minfo[39m MongoDB Connected Successfully 
2024-05-25 13:55:23 [32minfo[39m MongoDB Connected Successfully 
2024-05-25 13:55:26 [32minfo[39m MongoDB Connected Successfully 
2024-05-25 13:55:34 [32minfo[39m MongoDB Connected Successfully 
2024-05-25 13:55:47 [32minfo[39m MongoDB Connected Successfully 
2024-05-25 13:55:49 [32minfo[39m MongoDB Connected Successfully 
2024-05-25 13:55:53 [32minfo[39m MongoDB Connected Successfully 
2024-05-25 13:56:03 [32minfo[39m MongoDB Connected Successfully 
2024-05-25 13:56:38 [32minfo[39m MongoDB Connected Successfully 
2024-05-25 13:56:44 [32minfo[39m MongoDB Connected Successfully 
2024-05-25 13:56:53 [32minfo[39m MongoDB Connected Successfully 
2024-05-25 14:01:12 [32minfo[39m MongoDB Connected Successfully 
2024-05-25 14:01:56 [32minfo[39m MongoDB Connected Successfully 
2024-05-25 14:02:02 [32minfo[39m MongoDB Connected Successfully 
2024-05-25 14:02:11 [32minfo[39m MongoDB Connected Successfully 
2024-05-25 14:02:26 [32minfo[39m MongoDB Connected Successfully 
2024-05-25 14:03:36 [32minfo[39m MongoDB Connected Successfully 
2024-05-25 14:03:47 [32minfo[39m MongoDB Connected Successfully 
2024-05-25 14:03:51 [32minfo[39m MongoDB Connected Successfully 
2024-05-25 14:04:02 [32minfo[39m MongoDB Connected Successfully 
2024-05-25 14:04:27 [32minfo[39m MongoDB Connected Successfully 
2024-05-25 14:04:37 [32minfo[39m MongoDB Connected Successfully 
2024-05-25 14:05:03 [32minfo[39m MongoDB Connected Successfully 
2024-05-25 14:05:07 [32minfo[39m MongoDB Connected Successfully 
2024-05-25 14:05:12 [32minfo[39m MongoDB Connected Successfully 
2024-05-25 14:05:22 [32minfo[39m MongoDB Connected Successfully 
2024-05-25 14:05:34 [32minfo[39m MongoDB Connected Successfully 
2024-05-25 14:05:39 [32minfo[39m MongoDB Connected Successfully 
2024-05-25 14:05:44 [32minfo[39m MongoDB Connected Successfully 
2024-05-25 14:05:49 [32minfo[39m MongoDB Connected Successfully 
2024-05-25 14:05:55 [32minfo[39m MongoDB Connected Successfully 
2024-05-25 14:06:00 [32minfo[39m MongoDB Connected Successfully 
2024-05-25 14:06:05 [32minfo[39m MongoDB Connected Successfully 
2024-05-25 14:06:07 [32minfo[39m MongoDB Connected Successfully 
2024-05-25 14:06:12 [32minfo[39m MongoDB Connected Successfully 
2024-05-25 14:06:30 [32minfo[39m MongoDB Connected Successfully 
2024-05-25 14:06:35 [32minfo[39m MongoDB Connected Successfully 
2024-05-25 14:06:37 [32minfo[39m MongoDB Connected Successfully 
2024-05-25 14:06:52 [32minfo[39m MongoDB Connected Successfully 
2024-05-25 14:06:59 [32minfo[39m MongoDB Connected Successfully 
2024-05-25 14:07:04 [32minfo[39m MongoDB Connected Successfully 
2024-05-25 14:07:14 [32minfo[39m MongoDB Connected Successfully 
2024-05-25 14:07:15 [32minfo[39m MongoDB Connected Successfully 
2024-05-25 14:08:05 [32minfo[39m MongoDB Connected Successfully 
2024-05-25 14:08:09 [32minfo[39m MongoDB Connected Successfully 
2024-05-25 14:08:10 [32minfo[39m MongoDB Connected Successfully 
2024-05-25 14:08:17 [32minfo[39m MongoDB Connected Successfully 
2024-05-25 14:08:22 [32minfo[39m MongoDB Connected Successfully 
2024-05-25 14:08:47 [32minfo[39m MongoDB Connected Successfully 
2024-05-25 14:09:00 [32minfo[39m MongoDB Connected Successfully 
2024-05-25 14:09:03 [32minfo[39m MongoDB Connected Successfully 
2024-05-25 14:09:09 [32minfo[39m MongoDB Connected Successfully 
2024-05-25 14:09:14 [32minfo[39m MongoDB Connected Successfully 
2024-05-25 14:09:18 [32minfo[39m MongoDB Connected Successfully 
2024-05-25 14:09:52 [32minfo[39m MongoDB Connected Successfully 
2024-05-25 14:09:58 [32minfo[39m MongoDB Connected Successfully 
2024-05-25 14:10:01 [32minfo[39m MongoDB Connected Successfully 
2024-05-25 14:10:04 [32minfo[39m MongoDB Connected Successfully 
2024-05-25 14:10:06 [32minfo[39m MongoDB Connected Successfully 
2024-05-25 14:10:08 [32minfo[39m MongoDB Connected Successfully 
2024-05-25 14:10:59 [32minfo[39m MongoDB Connected Successfully 
2024-05-25 14:11:28 [32minfo[39m MongoDB Connected Successfully 
2024-05-25 14:13:07 [32minfo[39m MongoDB Connected Successfully 
2024-05-25 14:15:03 [32minfo[39m MongoDB Connected Successfully 
2024-05-25 14:15:05 [32minfo[39m MongoDB Connected Successfully 
2024-05-25 14:15:11 [32minfo[39m MongoDB Connected Successfully 
2024-05-25 14:15:44 [32minfo[39m MongoDB Connected Successfully 
2024-05-25 14:15:45 [32minfo[39m MongoDB Connected Successfully 
2024-05-25 14:15:47 [32minfo[39m MongoDB Connected Successfully 
2024-05-25 14:15:53 [32minfo[39m MongoDB Connected Successfully 
2024-05-25 14:16:01 [32minfo[39m MongoDB Connected Successfully 
2024-05-25 14:16:04 [32minfo[39m MongoDB Connected Successfully 
2024-05-25 14:17:08 [32minfo[39m MongoDB Connected Successfully 
2024-05-25 14:17:19 [32minfo[39m MongoDB Connected Successfully 
2024-05-25 14:17:53 [32minfo[39m MongoDB Connected Successfully 
2024-05-25 14:18:13 [32minfo[39m MongoDB Connected Successfully 
2024-05-25 14:18:17 [32minfo[39m MongoDB Connected Successfully 
2024-05-25 14:18:41 [32minfo[39m Country:  {
  "$__": {
    "activePaths": {
      "paths": {
        "countryLabel": "require"
      },
      "states": {
        "require": {
          "countryLabel": true
        },
        "default": {},
        "modify": {}
      }
    },
    "op": null,
    "saving": null,
    "$versionError": null,
    "saveOptions": null,
    "validating": null,
    "cachedRequired": {},
    "backup": {
      "activePaths": {
        "modify": {
          "countryLabel": true
        },
        "default": {
          "_id": true
        }
      },
      "validationError": null
    },
    "inserting": true,
    "savedState": {}
  },
  "_doc": {
    "countryLabel": "India",
    "_id": "6651a5e9c03e473561657465"
  },
  "$isNew": false
}
2024-05-25 14:20:11 [32minfo[39m MongoDB Connected Successfully 
2024-05-25 14:20:14 [32minfo[39m MongoDB Connected Successfully 
2024-05-25 14:21:04 [32minfo[39m MongoDB Connected Successfully 
2024-05-25 14:21:11 [32minfo[39m MongoDB Connected Successfully 
2024-05-25 14:21:18 [32minfo[39m MongoDB Connected Successfully 
2024-05-25 14:21:26 [32minfo[39m MongoDB Connected Successfully 
2024-05-25 14:21:33 [32minfo[39m MongoDB Connected Successfully 
2024-05-25 14:21:41 [32minfo[39m MongoDB Connected Successfully 
2024-05-25 14:21:52 [32minfo[39m MongoDB Connected Successfully 
2024-05-25 14:21:54 [32minfo[39m MongoDB Connected Successfully 
2024-05-25 14:22:04 [32minfo[39m MongoDB Connected Successfully 
2024-05-25 14:22:12 [32minfo[39m MongoDB Connected Successfully 
2024-05-25 14:22:14 [32minfo[39m MongoDB Connected Successfully 
2024-05-25 14:22:51 [32minfo[39m MongoDB Connected Successfully 
2024-05-25 14:22:56 [32minfo[39m MongoDB Connected Successfully 
2024-05-25 14:22:58 [32minfo[39m MongoDB Connected Successfully 
2024-05-25 14:23:00 [32minfo[39m MongoDB Connected Successfully 
2024-05-25 14:23:04 [32minfo[39m MongoDB Connected Successfully 
2024-05-25 14:23:07 [32minfo[39m MongoDB Connected Successfully 
2024-05-25 14:23:08 [32minfo[39m MongoDB Connected Successfully 
2024-05-25 14:23:12 [32minfo[39m MongoDB Connected Successfully 
2024-05-25 14:23:17 [32minfo[39m MongoDB Connected Successfully 
2024-05-25 14:23:22 [32minfo[39m MongoDB Connected Successfully 
2024-05-25 14:23:25 [32minfo[39m MongoDB Connected Successfully 
2024-05-25 14:23:31 [32minfo[39m MongoDB Connected Successfully 
2024-05-25 14:23:41 [32minfo[39m MongoDB Connected Successfully 
2024-05-25 14:23:51 [32minfo[39m MongoDB Connected Successfully 
2024-05-25 14:24:02 [32minfo[39m MongoDB Connected Successfully 
2024-05-25 14:24:09 [32minfo[39m MongoDB Connected Successfully 
2024-05-25 14:24:12 [32minfo[39m MongoDB Connected Successfully 
2024-05-25 14:24:18 [32minfo[39m MongoDB Connected Successfully 
2024-05-25 14:24:25 [32minfo[39m MongoDB Connected Successfully 
2024-05-25 14:24:30 [32minfo[39m MongoDB Connected Successfully 
2024-05-25 14:24:37 [32minfo[39m MongoDB Connected Successfully 
2024-05-25 14:24:51 [32minfo[39m MongoDB Connected Successfully 
2024-05-25 14:24:56 [32minfo[39m MongoDB Connected Successfully 
2024-05-25 14:25:01 [32minfo[39m MongoDB Connected Successfully 
2024-05-25 14:26:38 [32minfo[39m MongoDB Connected Successfully 
2024-05-25 14:26:42 [32minfo[39m MongoDB Connected Successfully 
2024-05-25 14:26:53 [32minfo[39m MongoDB Connected Successfully 
2024-05-25 14:27:25 [32minfo[39m MongoDB Connected Successfully 
2024-05-25 14:27:30 [32minfo[39m MongoDB Connected Successfully 
2024-05-25 14:27:33 [32minfo[39m MongoDB Connected Successfully 
2024-05-25 14:27:36 [32minfo[39m MongoDB Connected Successfully 
2024-05-25 14:27:40 [32minfo[39m MongoDB Connected Successfully 
2024-05-25 14:27:44 [32minfo[39m MongoDB Connected Successfully 
2024-05-25 14:27:48 [32minfo[39m MongoDB Connected Successfully 
2024-05-25 14:27:52 [32minfo[39m MongoDB Connected Successfully 
2024-05-25 14:28:46 [32minfo[39m MongoDB Connected Successfully 
2024-05-25 14:28:56 [32minfo[39m MongoDB Connected Successfully 
2024-05-25 14:29:34 [32minfo[39m MongoDB Connected Successfully 
2024-05-25 14:29:57 [32minfo[39m MongoDB Connected Successfully 
2024-05-25 14:30:56 [32minfo[39m Country:  {
  "$__": {
    "activePaths": {
      "paths": {
        "countryLabel": "require"
      },
      "states": {
        "require": {
          "countryLabel": true
        },
        "default": {},
        "modify": {}
      }
    },
    "op": null,
    "saving": null,
    "$versionError": null,
    "saveOptions": null,
    "validating": null,
    "cachedRequired": {},
    "backup": {
      "activePaths": {
        "modify": {
          "countryLabel": true
        },
        "default": {
          "_id": true
        }
      },
      "validationError": null
    },
    "inserting": true,
    "savedState": {}
  },
  "_doc": {
    "countryLabel": "United Arab Emirates",
    "_id": "6651a8c8a596776fe4fcf298"
  },
  "$isNew": false
}
2024-05-25 14:32:08 [32minfo[39m State:  {
  "$__": {
    "activePaths": {
      "paths": {
        "stateLabel": "require"
      },
      "states": {
        "require": {
          "stateLabel": true
        },
        "default": {},
        "modify": {}
      }
    },
    "op": null,
    "saving": null,
    "$versionError": null,
    "saveOptions": null,
    "validating": null,
    "cachedRequired": {},
    "backup": {
      "activePaths": {
        "modify": {
          "stateLabel": true
        },
        "default": {
          "_id": true
        }
      },
      "validationError": null
    },
    "inserting": true,
    "savedState": {}
  },
  "_doc": {
    "stateLabel": "Qusais",
    "_id": "6651a910a596776fe4fcf29a"
  },
  "$isNew": false
}
2024-05-25 14:40:37 [32minfo[39m MongoDB Connected Successfully 
2024-05-25 14:42:09 [32minfo[39m State:  {
  "$__": {
    "activePaths": {
      "paths": {
        "stateLabel": "require"
      },
      "states": {
        "require": {
          "stateLabel": true
        },
        "default": {},
        "modify": {}
      }
    },
    "op": null,
    "saving": null,
    "$versionError": null,
    "saveOptions": null,
    "validating": null,
    "cachedRequired": {},
    "backup": {
      "activePaths": {
        "modify": {
          "stateLabel": true,
          "countryId": true
        },
        "default": {
          "_id": true
        }
      },
      "validationError": null
    },
    "inserting": true,
    "savedState": {}
  },
  "_doc": {
    "stateLabel": "Deira",
    "countryId": "6651a8c8a596776fe4fcf298",
    "_id": "6651ab696806e010df2a491d"
  },
  "$isNew": false
}
2024-05-25 14:43:47 [32minfo[39m MongoDB Connected Successfully 
2024-05-25 14:43:57 [32minfo[39m MongoDB Connected Successfully 
2024-05-25 14:44:04 [32minfo[39m MongoDB Connected Successfully 
2024-05-25 14:44:08 [32minfo[39m MongoDB Connected Successfully 
2024-05-25 14:45:05 [32minfo[39m MongoDB Connected Successfully 
2024-05-25 14:45:09 [32minfo[39m MongoDB Connected Successfully 
2024-05-25 14:45:20 [32minfo[39m MongoDB Connected Successfully 
2024-05-25 14:45:26 [32minfo[39m MongoDB Connected Successfully 
2024-05-25 14:45:28 [32minfo[39m MongoDB Connected Successfully 
2024-05-25 14:45:33 [32minfo[39m MongoDB Connected Successfully 
2024-05-25 14:45:39 [32minfo[39m MongoDB Connected Successfully 
2024-05-25 14:45:40 [32minfo[39m MongoDB Connected Successfully 
2024-05-25 14:45:46 [32minfo[39m MongoDB Connected Successfully 
2024-05-25 14:45:51 [32minfo[39m MongoDB Connected Successfully 
2024-05-25 14:45:57 [32minfo[39m MongoDB Connected Successfully 
2024-05-25 14:47:02 [32minfo[39m MongoDB Connected Successfully 
2024-05-25 14:47:09 [32minfo[39m MongoDB Connected Successfully 
2024-05-25 14:47:15 [32minfo[39m MongoDB Connected Successfully 
2024-05-25 14:47:17 [32minfo[39m MongoDB Connected Successfully 
2024-05-25 14:47:29 [32minfo[39m MongoDB Connected Successfully 
2024-05-25 14:47:34 [32minfo[39m MongoDB Connected Successfully 
2024-05-25 14:47:37 [32minfo[39m MongoDB Connected Successfully 
2024-05-25 14:47:43 [32minfo[39m MongoDB Connected Successfully 
2024-05-25 14:47:47 [32minfo[39m MongoDB Connected Successfully 
2024-05-25 14:47:54 [32minfo[39m MongoDB Connected Successfully 
2024-05-25 14:47:58 [32minfo[39m MongoDB Connected Successfully 
2024-05-25 14:48:00 [32minfo[39m MongoDB Connected Successfully 
2024-05-25 14:48:05 [32minfo[39m MongoDB Connected Successfully 
2024-05-25 14:48:11 [32minfo[39m MongoDB Connected Successfully 
2024-05-25 14:48:17 [32minfo[39m MongoDB Connected Successfully 
2024-05-25 14:48:20 [32minfo[39m MongoDB Connected Successfully 
2024-05-25 14:48:48 [32minfo[39m MongoDB Connected Successfully 
2024-05-25 14:48:59 [32minfo[39m MongoDB Connected Successfully 
2024-05-25 14:49:13 [32minfo[39m MongoDB Connected Successfully 
2024-05-25 14:49:29 [32minfo[39m MongoDB Connected Successfully 
2024-05-25 14:49:40 [32minfo[39m MongoDB Connected Successfully 
2024-05-25 14:49:43 [32minfo[39m MongoDB Connected Successfully 
2024-05-25 14:49:45 [32minfo[39m MongoDB Connected Successfully 
2024-05-25 14:49:49 [32minfo[39m MongoDB Connected Successfully 
2024-05-25 14:50:03 [32minfo[39m MongoDB Connected Successfully 
2024-05-25 14:50:08 [32minfo[39m MongoDB Connected Successfully 
2024-05-25 14:50:13 [32minfo[39m MongoDB Connected Successfully 
2024-05-25 14:50:21 [32minfo[39m MongoDB Connected Successfully 
2024-05-25 14:50:30 [32minfo[39m MongoDB Connected Successfully 
2024-05-25 14:50:53 [32minfo[39m MongoDB Connected Successfully 
2024-05-25 14:51:02 [32minfo[39m MongoDB Connected Successfully 
2024-05-25 14:51:17 [32minfo[39m MongoDB Connected Successfully 
2024-05-25 14:51:21 [32minfo[39m MongoDB Connected Successfully 
2024-05-25 14:51:44 [32minfo[39m MongoDB Connected Successfully 
2024-05-25 14:51:52 [32minfo[39m MongoDB Connected Successfully 
2024-05-25 14:52:50 [32minfo[39m District:  {
  "$__": {
    "activePaths": {
      "paths": {
        "districtLabel": "require"
      },
      "states": {
        "require": {
          "districtLabel": true
        },
        "default": {},
        "modify": {}
      }
    },
    "op": null,
    "saving": null,
    "$versionError": null,
    "saveOptions": null,
    "validating": null,
    "cachedRequired": {},
    "backup": {
      "activePaths": {
        "modify": {
          "districtLabel": true,
          "stateId": true
        },
        "default": {
          "_id": true
        }
      },
      "validationError": null
    },
    "inserting": true,
    "savedState": {}
  },
  "_doc": {
    "districtLabel": "Dubai",
    "stateId": "6651ab696806e010df2a491d",
    "_id": "6651adea375470008768d5ff"
  },
  "$isNew": false
}
2024-05-25 14:54:36 [32minfo[39m MongoDB Connected Successfully 
2024-05-25 14:54:43 [32minfo[39m MongoDB Connected Successfully 
2024-05-25 14:54:50 [32minfo[39m MongoDB Connected Successfully 
2024-05-25 14:55:02 [32minfo[39m MongoDB Connected Successfully 
2024-05-25 14:55:29 [32minfo[39m MongoDB Connected Successfully 
2024-05-25 14:55:36 [32minfo[39m MongoDB Connected Successfully 
2024-05-25 14:55:39 [32minfo[39m MongoDB Connected Successfully 
2024-05-25 14:55:42 [32minfo[39m MongoDB Connected Successfully 
2024-05-25 14:55:44 [32minfo[39m MongoDB Connected Successfully 
2024-05-25 14:55:48 [32minfo[39m MongoDB Connected Successfully 
2024-05-25 14:55:56 [32minfo[39m MongoDB Connected Successfully 
2024-05-25 14:55:59 [32minfo[39m MongoDB Connected Successfully 
2024-05-25 14:56:02 [32minfo[39m MongoDB Connected Successfully 
2024-05-25 14:56:06 [32minfo[39m MongoDB Connected Successfully 
2024-05-25 14:56:11 [32minfo[39m MongoDB Connected Successfully 
2024-05-25 14:56:20 [32minfo[39m MongoDB Connected Successfully 
2024-05-25 14:56:28 [32minfo[39m MongoDB Connected Successfully 
2024-05-25 14:56:33 [32minfo[39m MongoDB Connected Successfully 
2024-05-25 14:56:36 [32minfo[39m MongoDB Connected Successfully 
2024-05-25 14:56:42 [32minfo[39m MongoDB Connected Successfully 
2024-05-25 14:56:46 [32minfo[39m MongoDB Connected Successfully 
2024-05-25 14:57:12 [32minfo[39m MongoDB Connected Successfully 
2024-05-25 14:57:19 [32minfo[39m MongoDB Connected Successfully 
2024-05-25 14:57:23 [32minfo[39m MongoDB Connected Successfully 
2024-05-25 14:57:28 [32minfo[39m MongoDB Connected Successfully 
2024-05-25 14:57:45 [32minfo[39m MongoDB Connected Successfully 
2024-05-25 14:58:05 [32minfo[39m MongoDB Connected Successfully 
2024-05-25 14:58:26 [32minfo[39m MongoDB Connected Successfully 
2024-05-25 14:58:35 [32minfo[39m MongoDB Connected Successfully 
2024-05-25 14:58:40 [32minfo[39m MongoDB Connected Successfully 
2024-05-25 14:58:43 [32minfo[39m MongoDB Connected Successfully 
2024-05-25 14:58:47 [32minfo[39m MongoDB Connected Successfully 
2024-05-25 14:58:50 [32minfo[39m MongoDB Connected Successfully 
2024-05-25 14:58:56 [32minfo[39m MongoDB Connected Successfully 
2024-05-25 14:58:59 [32minfo[39m MongoDB Connected Successfully 
2024-05-25 14:59:01 [32minfo[39m MongoDB Connected Successfully 
2024-05-25 14:59:42 [32minfo[39m MongoDB Connected Successfully 
2024-05-25 14:59:49 [32minfo[39m MongoDB Connected Successfully 
2024-05-25 15:00:17 [32minfo[39m MongoDB Connected Successfully 
2024-05-25 15:00:46 [32minfo[39m MongoDB Connected Successfully 
2024-05-25 15:01:17 [32minfo[39m MongoDB Connected Successfully 
2024-05-25 15:01:20 [32minfo[39m MongoDB Connected Successfully 
2024-05-25 15:02:25 [32minfo[39m City:  {
  "$__": {
    "activePaths": {
      "paths": {
        "cityLabel": "require"
      },
      "states": {
        "require": {
          "cityLabel": true
        },
        "default": {},
        "modify": {}
      }
    },
    "op": null,
    "saving": null,
    "$versionError": null,
    "saveOptions": null,
    "validating": null,
    "cachedRequired": {},
    "backup": {
      "activePaths": {
        "modify": {
          "cityLabel": true,
          "stateId": true,
          "countryId": true
        },
        "default": {
          "_id": true
        }
      },
      "validationError": null
    },
    "inserting": true,
    "savedState": {}
  },
  "_doc": {
    "cityLabel": "Al Gubaiba",
    "stateId": "6651ab696806e010df2a491d",
    "countryId": "6651a8c8a596776fe4fcf298",
    "_id": "6651b02983a62d34ce165672"
  },
  "$isNew": false
}
2024-05-25 15:08:15 [32minfo[39m MongoDB Connected Successfully 
2024-05-25 15:08:22 [32minfo[39m MongoDB Connected Successfully 
2024-05-25 15:08:31 [32minfo[39m MongoDB Connected Successfully 
2024-05-25 15:08:45 [32minfo[39m MongoDB Connected Successfully 
2024-05-25 15:09:28 [32minfo[39m MongoDB Connected Successfully 
2024-05-25 15:09:41 [32minfo[39m MongoDB Connected Successfully 
2024-05-25 15:09:45 [32minfo[39m MongoDB Connected Successfully 
2024-05-25 15:09:47 [32minfo[39m MongoDB Connected Successfully 
2024-05-25 15:09:51 [32minfo[39m MongoDB Connected Successfully 
2024-05-25 15:09:53 [32minfo[39m MongoDB Connected Successfully 
2024-05-25 15:10:13 [32minfo[39m MongoDB Connected Successfully 
2024-05-25 15:10:17 [32minfo[39m MongoDB Connected Successfully 
2024-05-25 15:10:25 [32minfo[39m MongoDB Connected Successfully 
2024-05-25 15:10:32 [32minfo[39m MongoDB Connected Successfully 
2024-05-25 15:10:35 [32minfo[39m MongoDB Connected Successfully 
2024-05-25 15:10:38 [32minfo[39m MongoDB Connected Successfully 
2024-05-25 15:10:44 [32minfo[39m MongoDB Connected Successfully 
2024-05-25 15:10:56 [32minfo[39m MongoDB Connected Successfully 
2024-05-25 15:11:06 [32minfo[39m MongoDB Connected Successfully 
2024-05-25 15:11:10 [32minfo[39m MongoDB Connected Successfully 
2024-05-25 15:11:13 [32minfo[39m MongoDB Connected Successfully 
2024-05-25 15:11:23 [32minfo[39m MongoDB Connected Successfully 
2024-05-25 15:11:28 [32minfo[39m MongoDB Connected Successfully 
2024-05-25 15:11:46 [32minfo[39m MongoDB Connected Successfully 
2024-05-25 15:11:51 [32minfo[39m MongoDB Connected Successfully 
2024-05-25 15:11:59 [32minfo[39m MongoDB Connected Successfully 
2024-05-25 15:12:06 [32minfo[39m MongoDB Connected Successfully 
2024-05-25 15:12:09 [32minfo[39m MongoDB Connected Successfully 
2024-05-25 15:12:11 [32minfo[39m MongoDB Connected Successfully 
2024-05-25 15:12:38 [32minfo[39m MongoDB Connected Successfully 
2024-05-25 15:12:45 [32minfo[39m MongoDB Connected Successfully 
2024-05-25 15:12:46 [32minfo[39m MongoDB Connected Successfully 
2024-05-25 15:12:49 [32minfo[39m MongoDB Connected Successfully 
2024-05-25 15:13:05 [32minfo[39m MongoDB Connected Successfully 
2024-05-25 15:13:09 [32minfo[39m MongoDB Connected Successfully 
2024-05-25 15:13:14 [32minfo[39m MongoDB Connected Successfully 
2024-05-25 15:13:51 [32minfo[39m MongoDB Connected Successfully 
2024-05-25 15:15:55 [32minfo[39m MongoDB Connected Successfully 
2024-05-25 15:16:01 [32minfo[39m MongoDB Connected Successfully 
2024-05-25 15:16:24 [32minfo[39m MongoDB Connected Successfully 
2024-05-25 15:16:37 [32minfo[39m MongoDB Connected Successfully 
2024-05-25 15:16:45 [32minfo[39m MongoDB Connected Successfully 
2024-05-25 15:17:08 [32minfo[39m MongoDB Connected Successfully 
2024-05-25 15:17:18 [32minfo[39m MongoDB Connected Successfully 
2024-05-25 15:17:41 [31merror[39m validaion error : NationalIdLabel validation failed: nationalLabel: Path `nationalLabel` is required. 
2024-05-25 15:19:18 [32minfo[39m MongoDB Connected Successfully 
2024-05-25 15:20:33 [31merror[39m validaion error : NationalIdLabel validation failed: nationalLabel: Path `nationalLabel` is required. 
2024-05-25 15:21:10 [32minfo[39m MongoDB Connected Successfully 
2024-05-25 15:21:15 [32minfo[39m MongoDB Connected Successfully 
2024-05-25 15:22:14 [31merror[39m validaion error : NationalIdLabel validation failed: nationalLabel: Path `nationalLabel` is required. 
2024-05-25 15:22:59 [32minfo[39m MongoDB Connected Successfully 
2024-05-25 15:24:11 [32minfo[39m MongoDB Connected Successfully 
2024-05-25 15:24:15 [32minfo[39m MongoDB Connected Successfully 
2024-05-25 15:24:31 [32minfo[39m MongoDB Connected Successfully 
2024-05-25 16:18:28 [33mwarn[39m MongoDB connection disconnected 
2024-05-25 16:18:39 [32minfo[39m MongoDB Connected Successfully 
2024-05-25 16:46:33 [33mwarn[39m MongoDB connection disconnected 
2024-05-25 16:46:43 [32minfo[39m MongoDB Connected Successfully 
2024-05-25 16:46:57 [31merror[39m validaion error : NationalIdLabel validation failed: nationalLabel: Path `nationalLabel` is required. 
2024-05-25 16:47:23 [32minfo[39m MongoDB Connected Successfully 
2024-05-25 16:47:42 [32minfo[39m MongoDB Connected Successfully 
2024-05-25 16:53:18 [32minfo[39m MongoDB Connected Successfully 
2024-05-25 16:53:25 [31merror[39m validaion error : NationalIdLabel validation failed: nationalLabel: Path `nationalLabel` is required. 
2024-05-27 09:12:18 [32minfo[39m MongoDB Connected Successfully 
2024-05-27 09:40:26 [33mwarn[39m MongoDB connection disconnected 
2024-05-27 09:40:36 [32minfo[39m MongoDB Connected Successfully 
2024-05-27 09:45:00 [31merror[39m validaion error : NationalIdLabel validation failed: nationalLabel: Path `nationalLabel` is required. 
2024-05-27 09:49:54 [32minfo[39m MongoDB Connected Successfully 
2024-05-27 09:50:02 [32minfo[39m MongoDB Connected Successfully 
2024-05-27 09:50:14 [32minfo[39m MongoDB Connected Successfully 
2024-05-27 09:50:30 [32minfo[39m MongoDB Connected Successfully 
2024-05-27 09:50:40 [32minfo[39m MongoDB Connected Successfully 
2024-05-27 09:50:42 [32minfo[39m MongoDB Connected Successfully 
2024-05-27 09:50:46 [32minfo[39m MongoDB Connected Successfully 
2024-05-27 09:50:49 [32minfo[39m MongoDB Connected Successfully 
2024-05-27 09:50:56 [32minfo[39m MongoDB Connected Successfully 
2024-05-27 09:51:01 [32minfo[39m MongoDB Connected Successfully 
2024-05-27 09:51:18 [32minfo[39m MongoDB Connected Successfully 
2024-05-27 09:51:20 [32minfo[39m MongoDB Connected Successfully 
2024-05-27 09:51:24 [32minfo[39m MongoDB Connected Successfully 
2024-05-27 09:51:29 [32minfo[39m MongoDB Connected Successfully 
2024-05-27 09:51:58 [32minfo[39m MongoDB Connected Successfully 
2024-05-27 09:52:04 [32minfo[39m MongoDB Connected Successfully 
2024-05-27 09:52:08 [32minfo[39m MongoDB Connected Successfully 
2024-05-27 09:52:42 [31merror[39m validaion error : NationalIdLabel validation failed: nationalLabel: Path `nationalLabel` is required. 
2024-05-27 09:52:52 [31merror[39m validaion error : NationalIdLabel validation failed: nationalLabel: Path `nationalLabel` is required. 
2024-05-27 09:53:26 [32minfo[39m MongoDB Connected Successfully 
2024-05-27 09:53:55 [32minfo[39m MongoDB Connected Successfully 
2024-05-27 10:01:48 [31merror[39m validaion error : NationalIdLabel validation failed: nationalLabel: Path `nationalLabel` is required. 
2024-05-27 10:02:28 [32minfo[39m MongoDB Connected Successfully 
2024-05-27 10:02:47 [32minfo[39m NationalIdLabel:  {
  "$__": {
    "activePaths": {
      "paths": {
        "nationalIdLabel": "require"
      },
      "states": {
        "require": {
          "nationalIdLabel": true
        },
        "default": {},
        "modify": {}
      }
    },
    "op": null,
    "saving": null,
    "$versionError": null,
    "saveOptions": null,
    "validating": null,
    "cachedRequired": {},
    "backup": {
      "activePaths": {
        "modify": {
          "nationalIdLabel": true
        },
        "default": {
          "_id": true
        }
      },
      "validationError": null
    },
    "inserting": true,
    "savedState": {}
  },
  "_doc": {
    "nationalIdLabel": "wewrwfds",
    "_id": "66540cef0d5cf21ff46d3773"
  },
  "$isNew": false
}
2024-05-27 10:06:15 [32minfo[39m NationalIdLabel:  {
  "$__": {
    "activePaths": {
      "paths": {
        "nationalIdLabel": "require"
      },
      "states": {
        "require": {
          "nationalIdLabel": true
        },
        "default": {},
        "modify": {}
      }
    },
    "op": null,
    "saving": null,
    "$versionError": null,
    "saveOptions": null,
    "validating": null,
    "cachedRequired": {},
    "backup": {
      "activePaths": {
        "modify": {
          "nationalIdLabel": true
        },
        "default": {
          "_id": true
        }
      },
      "validationError": null
    },
    "inserting": true,
    "savedState": {}
  },
  "_doc": {
    "nationalIdLabel": "Aadhar",
    "_id": "66540dbf0d5cf21ff46d3775"
  },
  "$isNew": false
}
2024-05-27 10:36:19 [33mwarn[39m MongoDB connection disconnected 
2024-05-27 10:36:30 [32minfo[39m MongoDB Connected Successfully 
2024-05-27 11:37:38 [33mwarn[39m MongoDB connection disconnected 
2024-05-27 11:37:48 [32minfo[39m MongoDB Connected Successfully 
2024-05-27 11:41:24 [32minfo[39m NationalIdLabel:  {
  "$__": {
    "activePaths": {
      "paths": {
        "nationalIdLabel": "require"
      },
      "states": {
        "require": {
          "nationalIdLabel": true
        },
        "default": {},
        "modify": {}
      }
    },
    "op": null,
    "saving": null,
    "$versionError": null,
    "saveOptions": null,
    "validating": null,
    "cachedRequired": {},
    "backup": {
      "activePaths": {
        "modify": {
          "nationalIdLabel": true
        },
        "default": {
          "_id": true
        }
      },
      "validationError": null
    },
    "inserting": true,
    "savedState": {}
  },
  "_doc": {
    "nationalIdLabel": "emirates id",
    "_id": "6654240c0d5cf21ff46d3781"
  },
  "$isNew": false
}
2024-05-27 11:51:44 [32minfo[39m Country:  {
  "$__": {
    "activePaths": {
      "paths": {
        "countryLabel": "require"
      },
      "states": {
        "require": {
          "countryLabel": true
        },
        "default": {},
        "modify": {}
      }
    },
    "op": null,
    "saving": null,
    "$versionError": null,
    "saveOptions": null,
    "validating": null,
    "cachedRequired": {},
    "backup": {
      "activePaths": {
        "modify": {
          "countryLabel": true
        },
        "default": {
          "_id": true
        }
      },
      "validationError": null
    },
    "inserting": true,
    "savedState": {}
  },
  "_doc": {
    "countryLabel": "Kingdom of Saudia Arabia",
    "_id": "665426780d5cf21ff46d3783"
  },
  "$isNew": false
}
2024-05-27 11:52:51 [32minfo[39m MongoDB Connected Successfully 
2024-05-27 11:55:05 [32minfo[39m MongoDB Connected Successfully 
2024-05-27 11:55:05 [32minfo[39m Country added successfully 
2024-05-27 11:55:05 [32minfo[39m State added successfully 
2024-05-27 11:55:05 [32minfo[39m District added successfully 
2024-05-27 11:55:05 [32minfo[39m City added successfully 
2024-05-27 11:55:05 [31merror[39m error inserting data 
2024-05-27 11:57:35 [32minfo[39m MongoDB Connected Successfully 
2024-05-27 11:57:35 [31merror[39m error inserting data 
2024-05-27 11:59:21 [32minfo[39m MongoDB Connected Successfully 
2024-05-27 11:59:22 [31merror[39m error inserting data 
2024-05-27 11:59:36 [32minfo[39m MongoDB Connected Successfully 
2024-05-27 11:59:37 [31merror[39m error inserting data 
2024-05-27 11:59:41 [32minfo[39m MongoDB Connected Successfully 
2024-05-27 11:59:42 [32minfo[39m MongoDB Connected Successfully 
2024-05-27 11:59:44 [32minfo[39m MongoDB Connected Successfully 
2024-05-27 11:59:46 [32minfo[39m MongoDB Connected Successfully 
2024-05-27 11:59:48 [32minfo[39m MongoDB Connected Successfully 
2024-05-27 11:59:49 [31merror[39m error inserting data 
2024-05-27 11:59:50 [32minfo[39m MongoDB Connected Successfully 
2024-05-27 11:59:51 [31merror[39m error inserting data 
2024-05-27 11:59:53 [32minfo[39m MongoDB Connected Successfully 
2024-05-27 11:59:54 [32minfo[39m MongoDB Connected Successfully 
2024-05-27 11:59:56 [32minfo[39m MongoDB Connected Successfully 
2024-05-27 11:59:59 [32minfo[39m MongoDB Connected Successfully 
2024-05-27 12:00:00 [31merror[39m error inserting data 
2024-05-27 12:00:01 [32minfo[39m MongoDB Connected Successfully 
2024-05-27 12:00:03 [32minfo[39m MongoDB Connected Successfully 
2024-05-27 12:00:03 [31merror[39m error inserting data 
2024-05-27 12:00:05 [32minfo[39m MongoDB Connected Successfully 
2024-05-27 12:00:06 [31merror[39m error inserting data 
2024-05-27 12:00:08 [32minfo[39m MongoDB Connected Successfully 
2024-05-27 12:00:10 [32minfo[39m MongoDB Connected Successfully 
2024-05-27 12:00:12 [32minfo[39m MongoDB Connected Successfully 
2024-05-27 12:00:14 [32minfo[39m MongoDB Connected Successfully 
2024-05-27 12:00:15 [32minfo[39m NationalIdLabel added successfully 
2024-05-27 12:00:47 [32minfo[39m NationalIdLabel:  {
  "$__": {
    "activePaths": {
      "paths": {
        "nationalIdLabel": "require"
      },
      "states": {
        "require": {
          "nationalIdLabel": true
        },
        "default": {},
        "modify": {}
      }
    },
    "op": null,
    "saving": null,
    "$versionError": null,
    "saveOptions": null,
    "validating": null,
    "cachedRequired": {},
    "backup": {
      "activePaths": {
        "modify": {
          "nationalIdLabel": true
        },
        "default": {
          "_id": true
        }
      },
      "validationError": null
    },
    "inserting": true,
    "savedState": {}
  },
  "_doc": {
    "nationalIdLabel": "Aadhar",
    "_id": "66542897e61631f14191f020"
  },
  "$isNew": false
}
2024-05-27 12:10:28 [32minfo[39m MongoDB Connected Successfully 
2024-05-27 12:10:34 [32minfo[39m MongoDB Connected Successfully 
2024-05-27 12:10:49 [32minfo[39m MongoDB Connected Successfully 
2024-05-27 12:10:51 [32minfo[39m MongoDB Connected Successfully 
2024-05-27 12:11:35 [32minfo[39m NationalIdLabel:  {
  "$__": {
    "activePaths": {
      "paths": {
        "nationalLabel": "require"
      },
      "states": {
        "require": {
          "nationalLabel": true
        },
        "default": {},
        "modify": {}
      }
    },
    "op": null,
    "saving": null,
    "$versionError": null,
    "saveOptions": null,
    "validating": null,
    "cachedRequired": {},
    "backup": {
      "activePaths": {
        "modify": {
          "nationalLabel": true
        },
        "default": {
          "_id": true
        }
      },
      "validationError": null
    },
    "inserting": true,
    "savedState": {}
  },
  "_doc": {
    "nationalLabel": "pan card",
    "_id": "66542b1f66f527f8d5fcc273"
  },
  "$isNew": false
}
